0 info it worked if it ends with ok
1 verbose cli [ '/usr/local/bin/node',
1 verbose cli   '/usr/local/bin/npm',
1 verbose cli   'install',
1 verbose cli   '--global',
1 verbose cli   'surge' ]
2 info using npm@2.14.7
3 info using node@v4.2.1
4 verbose install initial load of /usr/local/lib/package.json
5 verbose readDependencies loading dependencies from /usr/local/lib/package.json
6 silly cache add args [ 'surge', null ]
7 verbose cache add spec surge
8 silly cache add parsed spec Result {
8 silly cache add   raw: 'surge',
8 silly cache add   scope: null,
8 silly cache add   name: 'surge',
8 silly cache add   rawSpec: '',
8 silly cache add   spec: '*',
8 silly cache add   type: 'range' }
9 silly addNamed surge@*
10 verbose addNamed "*" is a valid semver range for surge
11 silly addNameRange { name: 'surge', range: '*', hasData: false }
12 silly mapToRegistry name surge
13 silly mapToRegistry using default registry
14 silly mapToRegistry registry https://registry.npmjs.org/
15 silly mapToRegistry uri https://registry.npmjs.org/surge
16 verbose addNameRange registry:https://registry.npmjs.org/surge not in flight; fetching
17 verbose request uri https://registry.npmjs.org/surge
18 verbose request no auth needed
19 info attempt registry request try #1 at 15:41:14
20 verbose request id 4a471390106fdee6
21 http request GET https://registry.npmjs.org/surge
22 info retry will retry, error on last attempt: Error: self signed certificate in certificate chain
23 info attempt registry request try #2 at 15:41:28
24 http request GET https://registry.npmjs.org/surge
25 info retry will retry, error on last attempt: Error: self signed certificate in certificate chain
26 info attempt registry request try #3 at 15:42:29
27 http request GET https://registry.npmjs.org/surge
28 verbose stack Error: self signed certificate in certificate chain
28 verbose stack     at Error (native)
28 verbose stack     at TLSSocket.<anonymous> (_tls_wrap.js:1000:38)
28 verbose stack     at emitNone (events.js:67:13)
28 verbose stack     at TLSSocket.emit (events.js:166:7)
28 verbose stack     at TLSSocket._finishInit (_tls_wrap.js:567:8)
29 verbose cwd /Users/narmatoff/Desktop/klinika
30 error Darwin 15.0.0
31 error argv "/usr/local/bin/node" "/usr/local/bin/npm" "install" "--global" "surge"
32 error node v4.2.1
33 error npm  v2.14.7
34 error code SELF_SIGNED_CERT_IN_CHAIN
35 error self signed certificate in certificate chain
36 error If you need help, you may report this error at:
36 error     <https://github.com/npm/npm/issues>
37 verbose exit [ 1, true ]
